<?xml version="1.0" encoding="UTF-8"?>
<!-- Generated by org.testng.reporters.JUnitReportReporter -->
<testsuite hostname="Users-MacBook-Air.local" failures="0" tests="1" name="alami.elevenia.testCase.Case" time="58.963" errors="0" timestamp="2022-08-14T13:47:55 WIB" skipped="0">
  <testcase classname="alami.elevenia.testCase.Case" name="theCase" time="58.963"/>
  <system-out/>
</testsuite> <!-- alami.elevenia.testCase.Case -->
